<?xml version="1.0" encoding="UTF-8"?>
<!-- Generated by org.testng.reporters.JUnitReportReporter -->
<testsuite skipped="0" hostname="DESKTOP-D7PUHMF" name="com.qa.test.LaunchPaytm" tests="1" failures="0" timestamp="09 Oct 2018 03:07:54 GMT" time="13.368" errors="0">
  <testcase name="paytmAppLaunch" time="13.368" classname="com.qa.test.LaunchPaytm"/>
</testsuite> <!-- com.qa.test.LaunchPaytm -->
