<?xml version="1.0" encoding="UTF-8"?>
<!-- Generated by org.testng.reporters.JUnitReportReporter -->
<testsuite skipped="0" hostname="DESKTOP-D7PUHMF" name="com.qa.test.BrowserLaunch" tests="1" failures="0" timestamp="09 Oct 2018 03:21:08 GMT" time="17.572" errors="0">
  <testcase name="chromeBrowserLaunch" time="17.572" classname="com.qa.test.BrowserLaunch"/>
</testsuite> <!-- com.qa.test.BrowserLaunch -->
